#
# There is insufficient memory for the Java Runtime Environment to continue.
# Native memory allocation (mmap) failed to map 65536 bytes. Error detail: Failed to commit metaspace.
# Possible reasons:
#   The system is out of physical RAM or swap space
#   This process is running with CompressedOops enabled, and the Java Heap may be blocking the growth of the native heap
# Possible solutions:
#   Reduce memory load on the system
#   Increase physical memory or swap space
#   Check if swap backing store is full
#   Decrease Java heap size (-Xmx/-Xms)
#   Decrease number of Java threads
#   Decrease Java thread stack sizes (-Xss)
#   Set larger code cache with -XX:ReservedCodeCacheSize=
#   JVM is running with Unscaled Compressed Oops mode in which the Java heap is
#     placed in the first 4GB address space. The Java Heap base address is the
#     maximum limit for the native heap growth. Please use -XX:HeapBaseMinAddress
#     to set the Java Heap base and to place the Java Heap above 4GB virtual address.
# This output file may be truncated or incomplete.
#
#  Out of Memory Error (virtualSpaceNode.cpp:113), pid=28136, tid=20884
#
# JRE version:  (21.0.10+7) (build )
# Java VM: OpenJDK 64-Bit Server VM (21.0.10+7-LTS, mixed mode, tiered, compressed oops, compressed class ptrs, parallel gc, windows-amd64)
# No core dump will be written. Minidumps are not enabled by default on client versions of Windows
#

---------------  S U M M A R Y ------------

Command Line: --add-modules=ALL-SYSTEM --add-opens=java.base/java.util=ALL-UNNAMED --add-opens=java.base/java.lang=ALL-UNNAMED --add-opens=java.base/sun.nio.fs=ALL-UNNAMED -Declipse.application=org.eclipse.jdt.ls.core.id1 -Dosgi.bundles.defaultStartLevel=4 -Declipse.product=org.eclipse.jdt.ls.core.product -Djava.import.generatesMetadataFilesAtProjectRoot=false -DDetectVMInstallationsJob.disabled=true -Dfile.encoding=utf8 -XX:+UseParallelGC -XX:GCTimeRatio=4 -XX:AdaptiveSizePolicyWeight=90 -Dsun.zip.disableMemoryMapping=true -Xmx2G -Xms100m -Xlog:disable -javaagent:c:\Users\yashi\.antigravity-ide\extensions\redhat.java-1.54.0-win32-x64\lombok\lombok-1.18.39-4050.jar -XX:+HeapDumpOnOutOfMemoryError -XX:HeapDumpPath=c:\Users\yashi\AppData\Roaming\Antigravity IDE\User\workspaceStorage\dc8ad06048d4900cf110bc206e0b18c5\redhat.java -Daether.dependencyCollector.impl=bf c:\Users\yashi\.antigravity-ide\extensions\redhat.java-1.54.0-win32-x64\server\plugins\org.eclipse.equinox.launcher_1.7.100.v20251111-0406.jar -configuration c:\Users\yashi\AppData\Roaming\Antigravity IDE\User\globalStorage\redhat.java\1.54.0\config_win -data c:\Users\yashi\AppData\Roaming\Antigravity IDE\User\workspaceStorage\dc8ad06048d4900cf110bc206e0b18c5\redhat.java\jdt_ws --pipe=\\.\pipe\lsp-a52251bd875534f7efe0266de40ad0ca-sock

Host: 11th Gen Intel(R) Core(TM) i5-11400H @ 2.70GHz, 12 cores, 15G,  Windows 11 , 64 bit Build 26100 (10.0.26100.8328)
Time: Wed May 27 16:40:36 2026 India Standard Time elapsed time: 0.093191 seconds (0d 0h 0m 0s)

---------------  T H R E A D  ---------------

Current thread (0x000001d70c1ff2d0):  JavaThread "Unknown thread" [_thread_in_vm, id=20884, stack(0x000000710bb00000,0x000000710bc00000) (1024K)]

Stack: [0x000000710bb00000,0x000000710bc00000]
Native frames: (J=compiled Java code, j=interpreted, Vv=VM code, C=native code)
V  [jvm.dll+0x6d7a39]
V  [jvm.dll+0x8b4b26]
V  [jvm.dll+0x8b70de]
V  [jvm.dll+0x8b77c3]
V  [jvm.dll+0x284346]
V  [jvm.dll+0x8b086e]
V  [jvm.dll+0x679444]
V  [jvm.dll+0x6794aa]
V  [jvm.dll+0x67bca6]
V  [jvm.dll+0x67bb72]
V  [jvm.dll+0x679e1e]
V  [jvm.dll+0x26f614]
V  [jvm.dll+0x219f3f]
V  [jvm.dll+0x20f62e]
V  [jvm.dll+0x5b644f]
V  [jvm.dll+0x22168e]
V  [jvm.dll+0x82e12d]
V  [jvm.dll+0x82f15b]
V  [jvm.dll+0x82f724]
V  [jvm.dll+0x82f3b8]
V  [jvm.dll+0x8b2ad8]
V  [jvm.dll+0x8b28b6]
V  [jvm.dll+0x87d0d7]
V  [jvm.dll+0x87e9fd]
V  [jvm.dll+0x3c49a9]
V  [jvm.dll+0x867e6b]
V  [jvm.dll+0x457b31]
V  [jvm.dll+0x459721]
C  [jli.dll+0x52d0]
C  [ucrtbase.dll+0x37b0]
C  [KERNEL32.DLL+0x2e957]
C  [ntdll.dll+0x427c]


---------------  P R O C E S S  ---------------

Threads class SMR info:
_java_thread_list=0x000001d70c22a730, length=1, elements={
0x000001d70c1ff2d0
}

Java Threads: ( => current thread )
=>0x000001d70c1ff2d0 JavaThread "Unknown thread"             [_thread_in_vm, id=20884, stack(0x000000710bb00000,0x000000710bc00000) (1024K)]
Total: 1

Other Threads:
  0x000001d70c00b930 WatcherThread "VM Periodic Task Thread"        [id=25588, stack(0x000000710bd00000,0x000000710be00000) (1024K)]
  0x000001d70c21cad0 WorkerThread "GC Thread#0"                     [id=6500, stack(0x000000710bc00000,0x000000710bd00000) (1024K)]
Total: 2

Threads with active compile tasks:
Total: 0

VM state: not at safepoint (not fully initialized)

VM Mutex/Monitor currently owned by a thread:  ([mutex/lock_event])
[0x00007ffbe7a0c4e0] Metaspace_lock - owner thread: 0x000001d70c1ff2d0

Heap address: 0x0000000080000000, size: 2048 MB, Compressed Oops mode: 32-bit

CDS archive(s) not mapped
Compressed class space mapped at: 0x0000000100000000-0x0000000140000000, reserved size: 1073741824
Narrow klass base: 0x0000000000000000, Narrow klass shift: 3, Narrow klass range: 0x140000000

GC Precious Log:
 CardTable entry size: 512
 CPUs: 12 total, 12 available
 Memory: 16105M
 Large Page Support: Disabled
 NUMA Support: Disabled
 Compressed Oops: Enabled (32-bit)
 Alignments: Space 512K, Generation 512K, Heap 2M
 Heap Min Capacity: 100M
 Heap Initial Capacity: 100M
 Heap Max Capacity: 2G
 Pre-touch: Disabled
 Parallel Workers: 10

Heap:
 PSYoungGen      total 29696K, used 512K [0x00000000d5580000, 0x00000000d7680000, 0x0000000100000000)
  eden space 25600K, 2% used [0x00000000d5580000,0x00000000d5600070,0x00000000d6e80000)
  from space 4096K, 0% used [0x00000000d7280000,0x00000000d7280000,0x00000000d7680000)
  to   space 4096K, 0% used [0x00000000d6e80000,0x00000000d6e80000,0x00000000d7280000)
 ParOldGen       total 68608K, used 0K [0x0000000080000000, 0x0000000084300000, 0x00000000d5580000)
  object space 68608K, 0% used [0x0000000080000000,0x0000000080000000,0x0000000084300000)
 Metaspace       used 968K, committed 1024K, reserved 1114112K
  class space    used 74K, committed 128K, reserved 1048576K

Card table byte_map: [0x000001d70bba0000,0x000001d70bfb0000] _byte_map_base: 0x000001d70b7a0000

Marking Bits: (ParMarkBitMap*) 0x00007ffbe7a13450
 Begin Bits: [0x000001d71e6b0000, 0x000001d7206b0000)
 End Bits:   [0x000001d7206b0000, 0x000001d7226b0000)

GC Heap History (0 events):
No events

Dll operation events (2 events):
Event: 0.024 Loaded shared library c:\Users\yashi\.antigravity-ide\extensions\redhat.java-1.54.0-win32-x64\jre\21.0.10-win32-x86_64\bin\java.dll
Event: 0.037 Loaded shared library c:\Users\yashi\.antigravity-ide\extensions\redhat.java-1.54.0-win32-x64\jre\21.0.10-win32-x86_64\bin\zip.dll

Deoptimization events (0 events):
No events

Classes loaded (20 events):
Event: 0.079 Loading class java/lang/AbstractStringBuilder
Event: 0.079 Loading class java/lang/AbstractStringBuilder done
Event: 0.079 Loading class java/lang/StringBuffer done
Event: 0.079 Loading class java/lang/StringBuilder
Event: 0.080 Loading class java/lang/StringBuilder done
Event: 0.080 Loading class jdk/internal/misc/UnsafeConstants
Event: 0.083 Loading class jdk/internal/misc/UnsafeConstants done
Event: 0.083 Loading class jdk/internal/misc/Unsafe
Event: 0.086 Loading class jdk/internal/misc/Unsafe done
Event: 0.086 Loading class jdk/internal/module/Modules
Event: 0.087 Loading class jdk/internal/module/Modules done
Event: 0.087 Loading class java/io/ByteArrayInputStream
Event: 0.088 Loading class java/io/InputStream
Event: 0.088 Loading class java/io/Closeable
Event: 0.088 Loading class java/lang/AutoCloseable
Event: 0.088 Loading class java/lang/AutoCloseable done
Event: 0.088 Loading class java/io/Closeable done
Event: 0.088 Loading class java/io/InputStream done
Event: 0.088 Loading class java/io/ByteArrayInputStream done
Event: 0.088 Loading class java/net/URL

Classes unloaded (0 events):
No events

Classes redefined (0 events):
No events

Internal exceptions (0 events):
No events

ZGC Phase Switch (0 events):
No events

VM Operations (0 events):
No events

Memory protections (0 events):
No events

Nmethod flushes (0 events):
No events

Events (1 events):
Event: 0.033 Thread 0x000001d70c1ff2d0 Thread added: 0x000001d70c1ff2d0


Dynamic libraries:
0x00007ff76def0000 - 0x00007ff76defe000 	c:\Users\yashi\.antigravity-ide\extensions\redhat.java-1.54.0-win32-x64\jre\21.0.10-win32-x86_64\bin\java.exe
0x00007ffcc8fe0000 - 0x00007ffcc9247000 	C:\WINDOWS\SYSTEM32\ntdll.dll
0x00007ffcc77a0000 - 0x00007ffcc7869000 	C:\WINDOWS\System32\KERNEL32.DLL
0x00007ffcc5ad0000 - 0x00007ffcc5ec7000 	C:\WINDOWS\System32\KERNELBASE.dll
0x00007ffcc6220000 - 0x00007ffcc636b000 	C:\WINDOWS\System32\ucrtbase.dll
0x00007ffcb8590000 - 0x00007ffcb85a8000 	c:\Users\yashi\.antigravity-ide\extensions\redhat.java-1.54.0-win32-x64\jre\21.0.10-win32-x86_64\bin\jli.dll
0x00007ffcc7470000 - 0x00007ffcc7636000 	C:\WINDOWS\System32\USER32.dll
0x00007ffcc61f0000 - 0x00007ffcc6217000 	C:\WINDOWS\System32\win32u.dll
0x00007ffcc7b80000 - 0x00007ffcc7bab000 	C:\WINDOWS\System32\GDI32.dll
0x00007ffcb8110000 - 0x00007ffcb812e000 	c:\Users\yashi\.antigravity-ide\extensions\redhat.java-1.54.0-win32-x64\jre\21.0.10-win32-x86_64\bin\VCRUNTIME140.dll
0x00007ffcc5ed0000 - 0x00007ffcc5ffc000 	C:\WINDOWS\System32\gdi32full.dll
0x00007ffcc6000000 - 0x00007ffcc60a3000 	C:\WINDOWS\System32\msvcp_win.dll
0x00007ffcb43d0000 - 0x00007ffcb4662000 	C:\WINDOWS\WinSxS\amd64_microsoft.windows.common-controls_6595b64144ccf1df_6.0.26100.8457_none_3e0b2faee331e92d\COMCTL32.dll
0x00007ffcc7e00000 - 0x00007ffcc7ea9000 	C:\WINDOWS\System32\msvcrt.dll
0x00007ffcc86f0000 - 0x00007ffcc8722000 	C:\WINDOWS\System32\IMM32.DLL
0x00007ffcb8390000 - 0x00007ffcb839c000 	c:\Users\yashi\.antigravity-ide\extensions\redhat.java-1.54.0-win32-x64\jre\21.0.10-win32-x86_64\bin\vcruntime140_1.dll
0x00007ffc9c860000 - 0x00007ffc9c8ed000 	c:\Users\yashi\.antigravity-ide\extensions\redhat.java-1.54.0-win32-x64\jre\21.0.10-win32-x86_64\bin\msvcp140.dll
0x00007ffbe6d50000 - 0x00007ffbe7af1000 	c:\Users\yashi\.antigravity-ide\extensions\redhat.java-1.54.0-win32-x64\jre\21.0.10-win32-x86_64\bin\server\jvm.dll
0x00007ffcc8630000 - 0x00007ffcc86e6000 	C:\WINDOWS\System32\ADVAPI32.dll
0x00007ffcc8730000 - 0x00007ffcc87d7000 	C:\WINDOWS\System32\sechost.dll
0x00007ffcc8940000 - 0x00007ffcc8a58000 	C:\WINDOWS\System32\RPCRT4.dll
0x00007ffcc7c90000 - 0x00007ffcc7d10000 	C:\WINDOWS\System32\WS2_32.dll
0x00007ffcc4610000 - 0x00007ffcc466e000 	C:\WINDOWS\SYSTEM32\POWRPROF.dll
0x00007ffcb7d80000 - 0x00007ffcb7db6000 	C:\WINDOWS\SYSTEM32\WINMM.dll
0x00007ffcbc050000 - 0x00007ffcbc05b000 	C:\WINDOWS\SYSTEM32\VERSION.dll
0x00007ffcc45f0000 - 0x00007ffcc4604000 	C:\WINDOWS\SYSTEM32\UMPDC.dll
0x00007ffcc48c0000 - 0x00007ffcc48db000 	C:\WINDOWS\SYSTEM32\kernel.appcore.dll
0x00007ffcb7e60000 - 0x00007ffcb7e6a000 	c:\Users\yashi\.antigravity-ide\extensions\redhat.java-1.54.0-win32-x64\jre\21.0.10-win32-x86_64\bin\jimage.dll
0x00007ffcc3940000 - 0x00007ffcc3b82000 	C:\WINDOWS\SYSTEM32\DBGHELP.DLL
0x00007ffcc8a70000 - 0x00007ffcc8df3000 	C:\WINDOWS\System32\combase.dll
0x00007ffcc7bb0000 - 0x00007ffcc7c89000 	C:\WINDOWS\System32\OLEAUT32.dll
0x00007ffcb1280000 - 0x00007ffcb12bb000 	C:\WINDOWS\SYSTEM32\dbgcore.DLL
0x00007ffcc6140000 - 0x00007ffcc61e8000 	C:\WINDOWS\System32\bcryptPrimitives.dll
0x00007ffcb7e50000 - 0x00007ffcb7e5f000 	c:\Users\yashi\.antigravity-ide\extensions\redhat.java-1.54.0-win32-x64\jre\21.0.10-win32-x86_64\bin\instrument.dll
0x00007ffcb7e30000 - 0x00007ffcb7e50000 	c:\Users\yashi\.antigravity-ide\extensions\redhat.java-1.54.0-win32-x64\jre\21.0.10-win32-x86_64\bin\java.dll
0x00007ffcb7e10000 - 0x00007ffcb7e28000 	c:\Users\yashi\.antigravity-ide\extensions\redhat.java-1.54.0-win32-x64\jre\21.0.10-win32-x86_64\bin\zip.dll

JVMTI agents:
c:\Users\yashi\.antigravity-ide\extensions\redhat.java-1.54.0-win32-x64\lombok\lombok-1.18.39-4050.jar path:none, loaded, not initialized, instrumentlib options:none

dbghelp: loaded successfully - version: 4.0.5 - missing functions: none
symbol engine: initialized successfully - sym options: 0x614 - pdb path: .;c:\Users\yashi\.antigravity-ide\extensions\redhat.java-1.54.0-win32-x64\jre\21.0.10-win32-x86_64\bin;C:\WINDOWS\SYSTEM32;C:\WINDOWS\WinSxS\amd64_microsoft.windows.common-controls_6595b64144ccf1df_6.0.26100.8457_none_3e0b2faee331e92d;c:\Users\yashi\.antigravity-ide\extensions\redhat.java-1.54.0-win32-x64\jre\21.0.10-win32-x86_64\bin\server

VM Arguments:
jvm_args: --add-modules=ALL-SYSTEM --add-opens=java.base/java.util=ALL-UNNAMED --add-opens=java.base/java.lang=ALL-UNNAMED --add-opens=java.base/sun.nio.fs=ALL-UNNAMED -Declipse.application=org.eclipse.jdt.ls.core.id1 -Dosgi.bundles.defaultStartLevel=4 -Declipse.product=org.eclipse.jdt.ls.core.product -Djava.import.generatesMetadataFilesAtProjectRoot=false -DDetectVMInstallationsJob.disabled=true -Dfile.encoding=utf8 -XX:+UseParallelGC -XX:GCTimeRatio=4 -XX:AdaptiveSizePolicyWeight=90 -Dsun.zip.disableMemoryMapping=true -Xmx2G -Xms100m -Xlog:disable -javaagent:c:\Users\yashi\.antigravity-ide\extensions\redhat.java-1.54.0-win32-x64\lombok\lombok-1.18.39-4050.jar -XX:+HeapDumpOnOutOfMemoryError -XX:HeapDumpPath=c:\Users\yashi\AppData\Roaming\Antigravity IDE\User\workspaceStorage\dc8ad06048d4900cf110bc206e0b18c5\redhat.java -Daether.dependencyCollector.impl=bf 
java_command: c:\Users\yashi\.antigravity-ide\extensions\redhat.java-1.54.0-win32-x64\server\plugins\org.eclipse.equinox.launcher_1.7.100.v20251111-0406.jar -configuration c:\Users\yashi\AppData\Roaming\Antigravity IDE\User\globalStorage\redhat.java\1.54.0\config_win -data c:\Users\yashi\AppData\Roaming\Antigravity IDE\User\workspaceStorage\dc8ad06048d4900cf110bc206e0b18c5\redhat.java\jdt_ws --pipe=\\.\pipe\lsp-a52251bd875534f7efe0266de40ad0ca-sock
java_class_path (initial): c:\Users\yashi\.antigravity-ide\extensions\redhat.java-1.54.0-win32-x64\server\plugins\org.eclipse.equinox.launcher_1.7.100.v20251111-0406.jar
Launcher Type: SUN_STANDARD

[Global flags]
    uintx AdaptiveSizePolicyWeight                 = 90                                        {product} {command line}
     intx CICompilerCount                          = 4                                         {product} {ergonomic}
    uintx GCTimeRatio                              = 4                                         {product} {command line}
     bool HeapDumpOnOutOfMemoryError               = true                                   {manageable} {command line}
    ccstr HeapDumpPath                             = c:\Users\yashi\AppData\Roaming\Antigravity IDE\User\workspaceStorage\dc8ad06048d4900cf110bc206e0b18c5\redhat.java         {manageable} {command line}
   size_t InitialHeapSize                          = 104857600                                 {product} {command line}
   size_t MaxHeapSize                              = 2147483648                                {product} {command line}
   size_t MaxNewSize                               = 715653120                                 {product} {ergonomic}
   size_t MinHeapDeltaBytes                        = 524288                                    {product} {ergonomic}
   size_t MinHeapSize                              = 104857600                                 {product} {command line}
   size_t NewSize                                  = 34603008                                  {product} {ergonomic}
    uintx NonNMethodCodeHeapSize                   = 5839372                                {pd product} {ergonomic}
    uintx NonProfiledCodeHeapSize                  = 122909434                              {pd product} {ergonomic}
   size_t OldSize                                  = 70254592                                  {product} {ergonomic}
    uintx ProfiledCodeHeapSize                     = 122909434                              {pd product} {ergonomic}
    uintx ReservedCodeCacheSize                    = 251658240                              {pd product} {ergonomic}
     bool SegmentedCodeCache                       = true                                      {product} {ergonomic}
   size_t SoftMaxHeapSize                          = 2147483648                             {manageable} {ergonomic}
     bool UseCompressedOops                        = true                           {product lp64_product} {ergonomic}
     bool UseLargePagesIndividualAllocation        = false                                  {pd product} {ergonomic}
     bool UseParallelGC                            = true                                      {product} {command line}

Logging:
Log output configuration:
 #0: stdout all=off uptime,level,tags foldmultilines=false
 #1: stderr all=off uptime,level,tags foldmultilines=false

Release file:
<release file has not been read>
Environment Variables:
JAVA_HOME=C:\Program Files\Java\jdk-21.0.10
CLASSPATH=C:\Users\yashi\Downloads\apache-tomcat-9.0.118\apache-tomcat-9.0.118\lib\servlet-api.jar
PATH=C:\Program Files\Common Files\Oracle\Java\javapath;C:\Python314\Scripts\;C:\Python314\;C:\Program Files (x86)\Common Files\Oracle\Java\javapath;C:\Windows\system32;C:\Windows;C:\Windows\System32\Wbem;C:\Windows\System32\WindowsPowerShell\v1.0\;C:\Windows\System32\OpenSSH\;C:\Program Files (x86)\NVIDIA Corporation\PhysX\Common;C:\WINDOWS\system32;C:\WINDOWS;C:\WINDOWS\System32\Wbem;C:\WINDOWS\System32\WindowsPowerShell\v1.0\;C:\WINDOWS\System32\OpenSSH\;C:\MinGW\bin;C:\ProgramData\chocolatey\bin;C:\Program Files\Git\cmd;C:\Users\yashi\Downloads\sqlite-tools-win-x64-3470000;C:\Program Files (x86)\Microsoft SQL Server\160\Tools\Binn\;C:\Program Files\Microsoft SQL Server\160\Tools\Binn\;C:\Program Files\Microsoft SQL Server\Client SDK\ODBC\170\Tools\Binn\;C:\Program Files\Microsoft SQL Server\160\DTS\Binn\;c:\Users\yashi\AppData\Local\Programs\cursor\resources\app\bin;C:\Program Files\Docker\Docker\resources\bin;C:\Users\yashi\Downloads\apache-maven-3.9.11-bin\apache-maven-3.9.11\bin;C:\Program Files\Java\jdk1.8.0_202\bin;D:\BDA\hadoop-2.9.2\hadoop-2.9.2\bin;D:\BDA\hadoop-2.9.2\hadoop-2.9.2\sbin;D:\BDA\hadoop-2.9.2\hadoop-2.9.2\bin;D:\BDA\hadoop-2.9.2\hadoop-2.9.2\sbin;C:\Program Files\sf\bin;C:\Program Files\nodejs\;C:\Program Files\Java\jdk-21.0.10\bin;C:\Program Files\MySQL\MySQL Shell 8.0\bin\;C:\Users\yashi\AppData\Local\Programs\Python\Python312\Scripts\;C:\Users\yashi\AppData\Local\Programs\Python\Python312\;C:\Users\yashi\AppData\Local\Microsoft\WindowsApps;C:\Users\yashi\Downloads\Microsoft VS Code\bin;C:\ProgramData\yashi\GitHubDesktop\bin;C:\Program Files\JetBrains\IntelliJ IDEA 2025.2.3\bin;C:\Users\yashi\AppData\Local\Programs\cursor\resources\app\bin;C:\Program Files\Java\jdk1.8.0_202\bin;C:\Users\yashi\AppData\Local\Programs\Antigravity\bin;C:\Program Files\sf\bin;C:\Users\yashi\AppData\Roaming\npm;C:\Users\yashi\AppData\Local\Programs\Antigravity IDE\bin
USERNAME=yashi
OS=Windows_NT
PROCESSOR_IDENTIFIER=Intel64 Family 6 Model 141 Stepping 1, GenuineIntel
TMP=C:\Users\yashi\AppData\Local\Temp
TEMP=C:\Users\yashi\AppData\Local\Temp




Periodic native trim disabled

---------------  S Y S T E M  ---------------

OS:
 Windows 11 , 64 bit Build 26100 (10.0.26100.8328)
OS uptime: 0 days 1:53 hours
Hyper-V role detected

CPU: total 12 (initial active 12) (6 cores per cpu, 2 threads per core) family 6 model 141 stepping 1 microcode 0x34, cx8, cmov, fxsr, ht, mmx, 3dnowpref, sse, sse2, sse3, ssse3, sse4.1, sse4.2, popcnt, lzcnt, tsc, tscinvbit, avx, avx2, aes, erms, clmul, bmi1, bmi2, adx, avx512f, avx512dq, avx512cd, avx512bw, avx512vl, sha, fma, vzeroupper, avx512_vpopcntdq, avx512_vpclmulqdq, avx512_vaes, avx512_vnni, clflush, clflushopt, clwb, avx512_vbmi2, avx512_vbmi, hv, rdtscp, rdpid, fsrm, gfni, avx512_bitalg, f16c, cet_ibt, cet_ss, avx512_ifma
Processor Information for processor 0
  Max Mhz: 2688, Current Mhz: 2688, Mhz Limit: 2688
Processor Information for processor 1
  Max Mhz: 2688, Current Mhz: 2688, Mhz Limit: 2688
Processor Information for processor 2
  Max Mhz: 2688, Current Mhz: 2688, Mhz Limit: 2688
Processor Information for processor 3
  Max Mhz: 2688, Current Mhz: 2688, Mhz Limit: 2688
Processor Information for processor 4
  Max Mhz: 2688, Current Mhz: 2688, Mhz Limit: 2688
Processor Information for processor 5
  Max Mhz: 2688, Current Mhz: 995, Mhz Limit: 2688
Processor Information for processor 6
  Max Mhz: 2688, Current Mhz: 995, Mhz Limit: 2688
Processor Information for processor 7
  Max Mhz: 2688, Current Mhz: 2688, Mhz Limit: 2688
Processor Information for processor 8
  Max Mhz: 2688, Current Mhz: 2688, Mhz Limit: 2688
Processor Information for processor 9
  Max Mhz: 2688, Current Mhz: 2688, Mhz Limit: 2688
Processor Information for processor 10
  Max Mhz: 2688, Current Mhz: 2688, Mhz Limit: 2688
Processor Information for processor 11
  Max Mhz: 2688, Current Mhz: 995, Mhz Limit: 2688

Memory: 4k page, system-wide physical 16105M (610M free)
TotalPageFile size 27075M (AvailPageFile size 0M)
current process WorkingSet (physical memory assigned to process): 17M, peak: 17M
current process commit charge ("private bytes"): 182M, peak: 184M

vm_info: OpenJDK 64-Bit Server VM (21.0.10+7-LTS) for windows-amd64 JRE (21.0.10+7-LTS), built on 2026-01-20T00:00:00Z by "admin" with MS VC++ 17.12 (VS2022)

END.
