#
# There is insufficient memory for the Java Runtime Environment to continue.
# Native memory allocation (malloc) failed to allocate 215056 bytes. Error detail: Chunk::new
# Possible reasons:
#   The system is out of physical RAM or swap space
#   This process is running with CompressedOops enabled, and the Java Heap may be blocking the growth of the native heap
# Possible solutions:
#   Reduce memory load on the system
#   Increase physical memory or swap space
#   Check if swap backing store is full
#   Decrease Java heap size (-Xmx/-Xms)
#   Decrease number of Java threads
#   Decrease Java thread stack sizes (-Xss)
#   Set larger code cache with -XX:ReservedCodeCacheSize=
#   JVM is running with Unscaled Compressed Oops mode in which the Java heap is
#     placed in the first 4GB address space. The Java Heap base address is the
#     maximum limit for the native heap growth. Please use -XX:HeapBaseMinAddress
#     to set the Java Heap base and to place the Java Heap above 4GB virtual address.
# This output file may be truncated or incomplete.
#
#  Out of Memory Error (arena.cpp:168), pid=19328, tid=8256
#
# JRE version: OpenJDK Runtime Environment Temurin-21.0.10+7 (21.0.10+7) (build 21.0.10+7-LTS)
# Java VM: OpenJDK 64-Bit Server VM Temurin-21.0.10+7 (21.0.10+7-LTS, mixed mode, sharing, tiered, compressed oops, compressed class ptrs, parallel gc, windows-amd64)
# No core dump will be written. Minidumps are not enabled by default on client versions of Windows
#

---------------  S U M M A R Y ------------

Command Line: --add-modules=ALL-SYSTEM --add-opens=java.base/java.util=ALL-UNNAMED --add-opens=java.base/java.lang=ALL-UNNAMED --add-opens=java.base/sun.nio.fs=ALL-UNNAMED -Declipse.application=org.eclipse.jdt.ls.core.id1 -Dosgi.bundles.defaultStartLevel=4 -Declipse.product=org.eclipse.jdt.ls.core.product -Djava.import.generatesMetadataFilesAtProjectRoot=false -DDetectVMInstallationsJob.disabled=true -Dfile.encoding=utf8 -XX:+UseParallelGC -XX:GCTimeRatio=4 -XX:AdaptiveSizePolicyWeight=90 -Dsun.zip.disableMemoryMapping=true -Xmx2G -Xms100m -Xlog:disable -javaagent:c:\Users\yashi\.antigravity-ide\extensions\redhat.java-1.54.0-win32-x64\lombok\lombok-1.18.39-4050.jar c:\Users\yashi\.antigravity-ide\extensions\redhat.java-1.54.0-win32-x64\server\plugins\org.eclipse.equinox.launcher_1.7.100.v20251111-0406.jar -configuration c:\Users\yashi\AppData\Roaming\Antigravity IDE\User\globalStorage\redhat.java\1.54.0\config_ss_win -data c:\Users\yashi\AppData\Roaming\Antigravity IDE\User\workspaceStorage\dc8ad06048d4900cf110bc206e0b18c5\redhat.java\ss_ws --pipe=\\.\pipe\lsp-de6a3fa0b2e6c74a49b977fbbc9eaf13-sock

Host: 11th Gen Intel(R) Core(TM) i5-11400H @ 2.70GHz, 12 cores, 15G,  Windows 11 , 64 bit Build 26100 (10.0.26100.8328)
Time: Wed May 27 16:40:36 2026 India Standard Time elapsed time: 0.884314 seconds (0d 0h 0m 0s)

---------------  T H R E A D  ---------------

Current thread (0x000002cce0c65230):  JavaThread "C2 CompilerThread1" daemon [_thread_in_native, id=8256, stack(0x000000ee27600000,0x000000ee27700000) (1024K)]


Current CompileTask:
C2:884  625   !   4       java.lang.String::replace (258 bytes)

Stack: [0x000000ee27600000,0x000000ee27700000]
Native frames: (J=compiled Java code, j=interpreted, Vv=VM code, C=native code)
V  [jvm.dll+0x6d7a39]
V  [jvm.dll+0x8b4b26]
V  [jvm.dll+0x8b70de]
V  [jvm.dll+0x8b77c3]
V  [jvm.dll+0x284346]
V  [jvm.dll+0xc66ed]
V  [jvm.dll+0xc6c31]
V  [jvm.dll+0x2fb29e]
V  [jvm.dll+0x5fe884]
V  [jvm.dll+0x255b17]
V  [jvm.dll+0x255edd]
V  [jvm.dll+0x24e500]
V  [jvm.dll+0x24ba42]
V  [jvm.dll+0x1cb34e]
V  [jvm.dll+0x25b85d]
V  [jvm.dll+0x259dea]
V  [jvm.dll+0x3f857e]
V  [jvm.dll+0x85f59d]
V  [jvm.dll+0x6d626d]
C  [ucrtbase.dll+0x37b0]
C  [KERNEL32.DLL+0x2e957]
C  [ntdll.dll+0x427c]


---------------  P R O C E S S  ---------------

Threads class SMR info:
_java_thread_list=0x000002cce0d30e30, length=12, elements={
0x000002cc87c314b0, 0x000002cc87cd4400, 0x000002cc87cd4fd0, 0x000002cc87cda030,
0x000002cc87cdaa90, 0x000002cc87cdb4f0, 0x000002cc87cdff60, 0x000002cc87ce2db0,
0x000002cc87ce8360, 0x000002cce0bc4d40, 0x000002cce0c65230, 0x000002cce6042280
}

Java Threads: ( => current thread )
  0x000002cc87c314b0 JavaThread "main"                              [_thread_in_Java, id=23584, stack(0x000000ee26900000,0x000000ee26a00000) (1024K)]
  0x000002cc87cd4400 JavaThread "Reference Handler"          daemon [_thread_blocked, id=23392, stack(0x000000ee26d00000,0x000000ee26e00000) (1024K)]
  0x000002cc87cd4fd0 JavaThread "Finalizer"                  daemon [_thread_blocked, id=25532, stack(0x000000ee26e00000,0x000000ee26f00000) (1024K)]
  0x000002cc87cda030 JavaThread "Signal Dispatcher"          daemon [_thread_blocked, id=26132, stack(0x000000ee26f00000,0x000000ee27000000) (1024K)]
  0x000002cc87cdaa90 JavaThread "Attach Listener"            daemon [_thread_blocked, id=26484, stack(0x000000ee27000000,0x000000ee27100000) (1024K)]
  0x000002cc87cdb4f0 JavaThread "Service Thread"             daemon [_thread_blocked, id=3140, stack(0x000000ee27100000,0x000000ee27200000) (1024K)]
  0x000002cc87cdff60 JavaThread "Monitor Deflation Thread"   daemon [_thread_blocked, id=22028, stack(0x000000ee27200000,0x000000ee27300000) (1024K)]
  0x000002cc87ce2db0 JavaThread "C2 CompilerThread0"         daemon [_thread_in_native, id=18304, stack(0x000000ee27300000,0x000000ee27400000) (1024K)]
  0x000002cc87ce8360 JavaThread "C1 CompilerThread0"         daemon [_thread_blocked, id=28668, stack(0x000000ee27400000,0x000000ee27500000) (1024K)]
  0x000002cce0bc4d40 JavaThread "Common-Cleaner"             daemon [_thread_blocked, id=23360, stack(0x000000ee27500000,0x000000ee27600000) (1024K)]
=>0x000002cce0c65230 JavaThread "C2 CompilerThread1"         daemon [_thread_in_native, id=8256, stack(0x000000ee27600000,0x000000ee27700000) (1024K)]
  0x000002cce6042280 JavaThread "Notification Thread"        daemon [_thread_blocked, id=9364, stack(0x000000ee27700000,0x000000ee27800000) (1024K)]
Total: 12

Other Threads:
  0x000002cc87bc4970 VMThread "VM Thread"                           [id=444, stack(0x000000ee26c00000,0x000000ee26d00000) (1024K)]
  0x000002cc87c9b990 WatcherThread "VM Periodic Task Thread"        [id=23656, stack(0x000000ee26b00000,0x000000ee26c00000) (1024K)]
  0x000002cc87c4ec40 WorkerThread "GC Thread#0"                     [id=20644, stack(0x000000ee26a00000,0x000000ee26b00000) (1024K)]
Total: 3

Threads with active compile tasks:
C2 CompilerThread0  916  644       4       java.util.HashSet::iterator (13 bytes)
C1 CompilerThread0  916  648       3       java.math.BigInteger::destructiveMulAdd (150 bytes)
C2 CompilerThread1  916  625   !   4       java.lang.String::replace (258 bytes)
Total: 3

VM state: not at safepoint (normal execution)

VM Mutex/Monitor currently owned by a thread: None

Heap address: 0x0000000080000000, size: 2048 MB, Compressed Oops mode: 32-bit

CDS archive(s) mapped at: [0x000002cc9f000000-0x000002cc9fba0000-0x000002cc9fba0000), size 12189696, SharedBaseAddress: 0x000002cc9f000000, ArchiveRelocationMode: 1.
Compressed class space mapped at: 0x000002cca0000000-0x000002cce0000000, reserved size: 1073741824
Narrow klass base: 0x000002cc9f000000, Narrow klass shift: 0, Narrow klass range: 0x100000000

GC Precious Log:
 CardTable entry size: 512
 CPUs: 12 total, 12 available
 Memory: 16105M
 Large Page Support: Disabled
 NUMA Support: Disabled
 Compressed Oops: Enabled (32-bit)
 Alignments: Space 512K, Generation 512K, Heap 2M
 Heap Min Capacity: 100M
 Heap Initial Capacity: 100M
 Heap Max Capacity: 2G
 Pre-touch: Disabled
 Parallel Workers: 10

Heap:
 PSYoungGen      total 29696K, used 12313K [0x00000000d5580000, 0x00000000d7680000, 0x0000000100000000)
  eden space 25600K, 48% used [0x00000000d5580000,0x00000000d61865e0,0x00000000d6e80000)
  from space 4096K, 0% used [0x00000000d7280000,0x00000000d7280000,0x00000000d7680000)
  to   space 4096K, 0% used [0x00000000d6e80000,0x00000000d6e80000,0x00000000d7280000)
 ParOldGen       total 68608K, used 0K [0x0000000080000000, 0x0000000084300000, 0x00000000d5580000)
  object space 68608K, 0% used [0x0000000080000000,0x0000000080000000,0x0000000084300000)
 Metaspace       used 2196K, committed 2432K, reserved 1114112K
  class space    used 220K, committed 320K, reserved 1048576K

Card table byte_map: [0x000002cc875d0000,0x000002cc879e0000] _byte_map_base: 0x000002cc871d0000

Marking Bits: (ParMarkBitMap*) 0x00007ffbe7a13450
 Begin Bits: [0x000002cc9a0e0000, 0x000002cc9c0e0000)
 End Bits:   [0x000002cc9c0e0000, 0x000002cc9e0e0000)

Polling page: 0x000002cc85780000

Metaspace:

Usage:
  Non-class:      1.93 MB used.
      Class:    220.91 KB used.
       Both:      2.15 MB used.

Virtual space:
  Non-class space:       64.00 MB reserved,       2.06 MB (  3%) committed,  1 nodes.
      Class space:        1.00 GB reserved,     320.00 KB ( <1%) committed,  1 nodes.
             Both:        1.06 GB reserved,       2.38 MB ( <1%) committed. 

Chunk freelists:
   Non-Class:  11.65 MB
       Class:  15.67 MB
        Both:  27.32 MB

MaxMetaspaceSize: unlimited
CompressedClassSpaceSize: 1.00 GB
Initial GC threshold: 21.00 MB
Current GC threshold: 21.00 MB
CDS: on
 - commit_granule_bytes: 65536.
 - commit_granule_words: 8192.
 - virtual_space_node_default_size: 8388608.
 - enlarge_chunks_in_place: 1.
 - use_allocation_guard: 0.


Internal statistics:

num_allocs_failed_limit: 0.
num_arena_births: 80.
num_arena_deaths: 0.
num_vsnodes_births: 2.
num_vsnodes_deaths: 0.
num_space_committed: 38.
num_space_uncommitted: 0.
num_chunks_returned_to_freelist: 0.
num_chunks_taken_from_freelist: 102.
num_chunk_merges: 0.
num_chunk_splits: 72.
num_chunks_enlarged: 46.
num_inconsistent_stats: 0.

CodeHeap 'non-profiled nmethods': size=120000Kb used=229Kb max_used=229Kb free=119770Kb
 bounds [0x000002cc92900000, 0x000002cc92b70000, 0x000002cc99e30000]
CodeHeap 'profiled nmethods': size=120000Kb used=940Kb max_used=940Kb free=119059Kb
 bounds [0x000002cc8ae30000, 0x000002cc8b0a0000, 0x000002cc92360000]
CodeHeap 'non-nmethods': size=5760Kb used=1182Kb max_used=1196Kb free=4577Kb
 bounds [0x000002cc92360000, 0x000002cc925d0000, 0x000002cc92900000]
CodeCache: size=245760Kb, used=2351Kb, max_used=2365Kb, free=243406Kb
 total_blobs=1073, nmethods=645, adapters=334, full_count=0
Compilation: enabled, stopped_count=0, restarted_count=0

Compilation events (20 events):
Event: 0.868 Thread 0x000002cc87ce8360  622       1       java.security.Provider$Service::getType (5 bytes)
Event: 0.869 Thread 0x000002cc87ce8360 nmethod 622 0x000002cc92936190 code [0x000002cc92936320, 0x000002cc929363e8]
Event: 0.869 Thread 0x000002cc87ce8360  623       1       java.security.Provider$Service::getAlgorithm (5 bytes)
Event: 0.869 Thread 0x000002cc87ce8360 nmethod 623 0x000002cc92936490 code [0x000002cc92936620, 0x000002cc929366e8]
Event: 0.869 Thread 0x000002cc87ce8360  624       1       java.security.Provider$Service::getAliases (5 bytes)
Event: 0.869 Thread 0x000002cc87ce8360 nmethod 624 0x000002cc92936790 code [0x000002cc92936920, 0x000002cc929369e8]
Event: 0.869 Thread 0x000002cce0c65230 nmethod 620 0x000002cc92936a90 code [0x000002cc92936c20, 0x000002cc92936df0]
Event: 0.869 Thread 0x000002cce0c65230  625   !   4       java.lang.String::replace (258 bytes)
Event: 0.876 Thread 0x000002cc87ce8360  626       3       sun.security.util.ObjectIdentifier::pack (222 bytes)
Event: 0.877 Thread 0x000002cc87ce8360 nmethod 626 0x000002cc8af11f90 code [0x000002cc8af12180, 0x000002cc8af127a8]
Event: 0.877 Thread 0x000002cc87ce8360  627       3       sun.security.util.ObjectIdentifier::pack7Oid (83 bytes)
Event: 0.878 Thread 0x000002cc87ce8360 nmethod 627 0x000002cc8af12a10 code [0x000002cc8af12be0, 0x000002cc8af12f10]
Event: 0.878 Thread 0x000002cc87ce8360  628       3       java.lang.invoke.MethodHandle::<init> (37 bytes)
Event: 0.879 Thread 0x000002cc87ce8360 nmethod 628 0x000002cc8af13090 code [0x000002cc8af132a0, 0x000002cc8af13798]
Event: 0.879 Thread 0x000002cc87ce8360  629       3       java.lang.invoke.LambdaForm::prepare (108 bytes)
Event: 0.880 Thread 0x000002cc87ce8360 nmethod 629 0x000002cc8af13a10 code [0x000002cc8af13c60, 0x000002cc8af143a8]
Event: 0.880 Thread 0x000002cc87ce8360  630       3       java.lang.ref.SoftReference::get (29 bytes)
Event: 0.881 Thread 0x000002cc87ce8360 nmethod 630 0x000002cc8af14690 code [0x000002cc8af14840, 0x000002cc8af149d8]
Event: 0.881 Thread 0x000002cc87ce2db0 nmethod 613 0x000002cc92936f10 code [0x000002cc929370c0, 0x000002cc92937670]
Event: 0.881 Thread 0x000002cc87ce8360  631       3       java.lang.reflect.Modifier::isPublic (12 bytes)

GC Heap History (0 events):
No events

Dll operation events (8 events):
Event: 0.023 Loaded shared library c:\Users\yashi\.antigravity-ide\extensions\redhat.java-1.54.0-win32-x64\jre\21.0.10-win32-x86_64\bin\java.dll
Event: 0.197 Loaded shared library c:\Users\yashi\.antigravity-ide\extensions\redhat.java-1.54.0-win32-x64\jre\21.0.10-win32-x86_64\bin\zip.dll
Event: 0.242 Loaded shared library C:\Users\yashi\.antigravity-ide\extensions\redhat.java-1.54.0-win32-x64\jre\21.0.10-win32-x86_64\bin\instrument.dll
Event: 0.255 Loaded shared library C:\Users\yashi\.antigravity-ide\extensions\redhat.java-1.54.0-win32-x64\jre\21.0.10-win32-x86_64\bin\net.dll
Event: 0.260 Loaded shared library C:\Users\yashi\.antigravity-ide\extensions\redhat.java-1.54.0-win32-x64\jre\21.0.10-win32-x86_64\bin\nio.dll
Event: 0.265 Loaded shared library C:\Users\yashi\.antigravity-ide\extensions\redhat.java-1.54.0-win32-x64\jre\21.0.10-win32-x86_64\bin\zip.dll
Event: 0.308 Loaded shared library C:\Users\yashi\.antigravity-ide\extensions\redhat.java-1.54.0-win32-x64\jre\21.0.10-win32-x86_64\bin\jimage.dll
Event: 0.479 Loaded shared library c:\Users\yashi\.antigravity-ide\extensions\redhat.java-1.54.0-win32-x64\jre\21.0.10-win32-x86_64\bin\verify.dll

Deoptimization events (20 events):
Event: 0.863 Thread 0x000002cc87c314b0 Uncommon trap: trap_request=0xffffffde fr.pc=0x000002cc92935c4c relative=0x000000000000012c
Event: 0.863 Thread 0x000002cc87c314b0 Uncommon trap: reason=class_check action=maybe_recompile pc=0x000002cc92935c4c method=jdk.internal.misc.Unsafe.allocateUninitializedArray(Ljava/lang/Class;I)Ljava/lang/Object; @ 51 c2
Event: 0.863 Thread 0x000002cc87c314b0 DEOPT PACKING pc=0x000002cc92935c4c sp=0x000000ee269fb780
Event: 0.863 Thread 0x000002cc87c314b0 DEOPT UNPACKING pc=0x000002cc923b6da2 sp=0x000000ee269fb6f8 mode 2
Event: 0.863 Thread 0x000002cc87c314b0 Uncommon trap: trap_request=0xffffffde fr.pc=0x000002cc92935c4c relative=0x000000000000012c
Event: 0.863 Thread 0x000002cc87c314b0 Uncommon trap: reason=class_check action=maybe_recompile pc=0x000002cc92935c4c method=jdk.internal.misc.Unsafe.allocateUninitializedArray(Ljava/lang/Class;I)Ljava/lang/Object; @ 51 c2
Event: 0.863 Thread 0x000002cc87c314b0 DEOPT PACKING pc=0x000002cc92935c4c sp=0x000000ee269fb580
Event: 0.863 Thread 0x000002cc87c314b0 DEOPT UNPACKING pc=0x000002cc923b6da2 sp=0x000000ee269fb4f8 mode 2
Event: 0.863 Thread 0x000002cc87c314b0 Uncommon trap: trap_request=0xffffffde fr.pc=0x000002cc92935c4c relative=0x000000000000012c
Event: 0.863 Thread 0x000002cc87c314b0 Uncommon trap: reason=class_check action=maybe_recompile pc=0x000002cc92935c4c method=jdk.internal.misc.Unsafe.allocateUninitializedArray(Ljava/lang/Class;I)Ljava/lang/Object; @ 51 c2
Event: 0.863 Thread 0x000002cc87c314b0 DEOPT PACKING pc=0x000002cc92935c4c sp=0x000000ee269fb610
Event: 0.863 Thread 0x000002cc87c314b0 DEOPT UNPACKING pc=0x000002cc923b6da2 sp=0x000000ee269fb588 mode 2
Event: 0.864 Thread 0x000002cc87c314b0 Uncommon trap: trap_request=0xffffffde fr.pc=0x000002cc92935c4c relative=0x000000000000012c
Event: 0.864 Thread 0x000002cc87c314b0 Uncommon trap: reason=class_check action=maybe_recompile pc=0x000002cc92935c4c method=jdk.internal.misc.Unsafe.allocateUninitializedArray(Ljava/lang/Class;I)Ljava/lang/Object; @ 51 c2
Event: 0.864 Thread 0x000002cc87c314b0 DEOPT PACKING pc=0x000002cc92935c4c sp=0x000000ee269fc080
Event: 0.864 Thread 0x000002cc87c314b0 DEOPT UNPACKING pc=0x000002cc923b6da2 sp=0x000000ee269fbff8 mode 2
Event: 0.877 Thread 0x000002cc87c314b0 Uncommon trap: trap_request=0xffffff45 fr.pc=0x000002cc9292fc6c relative=0x000000000000014c
Event: 0.877 Thread 0x000002cc87c314b0 Uncommon trap: reason=unstable_if action=reinterpret pc=0x000002cc9292fc6c method=jdk.internal.util.ArraysSupport.vectorizedHashCode(Ljava/lang/Object;IIII)I @ 2 c2
Event: 0.877 Thread 0x000002cc87c314b0 DEOPT PACKING pc=0x000002cc9292fc6c sp=0x000000ee269fcb30
Event: 0.877 Thread 0x000002cc87c314b0 DEOPT UNPACKING pc=0x000002cc923b6da2 sp=0x000000ee269fcae0 mode 2

Classes loaded (20 events):
Event: 0.872 Loading class java/security/interfaces/RSAPublicKey done
Event: 0.872 Loading class sun/security/rsa/RSAPublicKeyImpl done
Event: 0.872 Loading class sun/security/rsa/RSAUtil
Event: 0.873 Loading class sun/security/rsa/RSAUtil done
Event: 0.873 Loading class sun/security/x509/CertificateExtensions
Event: 0.873 Loading class sun/security/x509/CertificateExtensions done
Event: 0.874 Loading class sun/security/x509/Extension
Event: 0.874 Loading class java/security/cert/Extension
Event: 0.875 Loading class java/security/cert/Extension done
Event: 0.875 Loading class sun/security/x509/Extension done
Event: 0.875 Loading class sun/security/x509/OIDMap
Event: 0.875 Loading class sun/security/x509/OIDMap done
Event: 0.875 Loading class sun/security/x509/PKIXExtensions
Event: 0.876 Loading class sun/security/x509/PKIXExtensions done
Event: 0.877 Loading class sun/security/x509/OIDMap$OIDInfo
Event: 0.877 Loading class sun/security/x509/OIDMap$OIDInfo done
Event: 0.878 Loading class sun/security/x509/BasicConstraintsExtension
Event: 0.878 Loading class sun/security/x509/BasicConstraintsExtension done
Event: 0.881 Loading class sun/security/x509/KeyUsageExtension
Event: 0.881 Loading class sun/security/x509/KeyUsageExtension done

Classes unloaded (0 events):
No events

Classes redefined (0 events):
No events

Internal exceptions (12 events):
Event: 0.187 Thread 0x000002cc87c314b0 Exception <a 'java/lang/NoSuchMethodError'{0x00000000d57a9608}: 'void java.lang.invoke.DirectMethodHandle$Holder.invokeStatic(java.lang.Object, java.lang.Object, java.lang.Object)'> (0x00000000d57a9608) 
thrown [s\src\hotspot\share\interpreter\linkResolver.cpp, line 773]
Event: 0.290 Thread 0x000002cc87c314b0 Exception <a 'java/lang/NoSuchMethodError'{0x00000000d59130d8}: 'java.lang.Object java.lang.invoke.Invokers$Holder.invokeExact_MT(java.lang.Object, java.lang.Object, java.lang.Object, java.lang.Object, java.lang.Object)'> (0x00000000d59130d8) 
thrown [s\src\hotspot\share\interpreter\linkResolver.cpp, line 773]
Event: 0.385 Thread 0x000002cc87c314b0 Exception <a 'java/lang/NoSuchMethodError'{0x00000000d59cc290}: 'int java.lang.invoke.DirectMethodHandle$Holder.invokeSpecial(java.lang.Object, java.lang.Object, java.lang.Object, int)'> (0x00000000d59cc290) 
thrown [s\src\hotspot\share\interpreter\linkResolver.cpp, line 773]
Event: 0.390 Thread 0x000002cc87c314b0 Exception <a 'java/lang/NoSuchMethodError'{0x00000000d59dec78}: 'java.lang.Object java.lang.invoke.DirectMethodHandle$Holder.invokeStatic(java.lang.Object, java.lang.Object, java.lang.Object, java.lang.Object, int)'> (0x00000000d59dec78) 
thrown [s\src\hotspot\share\interpreter\linkResolver.cpp, line 773]
Event: 0.394 Thread 0x000002cc87c314b0 Exception <a 'java/lang/NoSuchMethodError'{0x00000000d59ea0b8}: 'void java.lang.invoke.DelegatingMethodHandle$Holder.reinvoke_L(java.lang.Object, java.lang.Object, java.lang.Object, int, java.lang.Object)'> (0x00000000d59ea0b8) 
thrown [s\src\hotspot\share\interpreter\linkResolver.cpp, line 773]
Event: 0.402 Thread 0x000002cc87c314b0 Exception <a 'java/lang/NoSuchMethodError'{0x00000000d59faa08}: 'int java.lang.invoke.DirectMethodHandle$Holder.invokeSpecial(java.lang.Object, java.lang.Object, java.lang.Object)'> (0x00000000d59faa08) 
thrown [s\src\hotspot\share\interpreter\linkResolver.cpp, line 773]
Event: 0.407 Thread 0x000002cc87c314b0 Exception <a 'java/lang/NoSuchMethodError'{0x00000000d5a066c8}: 'java.lang.Object java.lang.invoke.DirectMethodHandle$Holder.invokeStatic(java.lang.Object, java.lang.Object, int)'> (0x00000000d5a066c8) 
thrown [s\src\hotspot\share\interpreter\linkResolver.cpp, line 773]
Event: 0.409 Thread 0x000002cc87c314b0 Exception <a 'java/lang/NoSuchMethodError'{0x00000000d5a0b018}: 'void java.lang.invoke.DirectMethodHandle$Holder.invokeStatic(java.lang.Object, java.lang.Object, int, java.lang.Object)'> (0x00000000d5a0b018) 
thrown [s\src\hotspot\share\interpreter\linkResolver.cpp, line 773]
Event: 0.410 Thread 0x000002cc87c314b0 Exception <a 'java/lang/NoSuchMethodError'{0x00000000d5a0eba8}: 'void java.lang.invoke.DirectMethodHandle$Holder.invokeSpecial(java.lang.Object, java.lang.Object, java.lang.Object, int, java.lang.Object)'> (0x00000000d5a0eba8) 
thrown [s\src\hotspot\share\interpreter\linkResolver.cpp, line 773]
Event: 0.411 Thread 0x000002cc87c314b0 Exception <a 'java/lang/NoSuchMethodError'{0x00000000d5a122c8}: 'void java.lang.invoke.DelegatingMethodHandle$Holder.delegate(java.lang.Object, java.lang.Object, int, java.lang.Object)'> (0x00000000d5a122c8) 
thrown [s\src\hotspot\share\interpreter\linkResolver.cpp, line 773]
Event: 0.541 Thread 0x000002cc87c314b0 Exception <a 'java/lang/NoSuchMethodError'{0x00000000d5bd3040}: 'void java.lang.invoke.DelegatingMethodHandle$Holder.reinvoke_L(java.lang.Object, java.lang.Object, java.lang.Object, int)'> (0x00000000d5bd3040) 
thrown [s\src\hotspot\share\interpreter\linkResolver.cpp, line 773]
Event: 0.863 Thread 0x000002cc87c314b0 Exception <a 'java/lang/NoSuchMethodError'{0x00000000d6060858}: 'void java.lang.invoke.DirectMethodHandle$Holder.invokeVirtual(java.lang.Object, java.lang.Object)'> (0x00000000d6060858) 
thrown [s\src\hotspot\share\interpreter\linkResolver.cpp, line 773]

ZGC Phase Switch (0 events):
No events

VM Operations (4 events):
Event: 0.193 Executing non-safepoint VM operation: HandshakeAllThreads (Deoptimize)
Event: 0.193 Executing non-safepoint VM operation: HandshakeAllThreads (Deoptimize) done
Event: 0.342 Executing non-safepoint VM operation: HandshakeAllThreads (Deoptimize)
Event: 0.342 Executing non-safepoint VM operation: HandshakeAllThreads (Deoptimize) done

Memory protections (0 events):
No events

Nmethod flushes (0 events):
No events

Events (12 events):
Event: 0.062 Thread 0x000002cc87c314b0 Thread added: 0x000002cc87c314b0
Event: 0.110 Thread 0x000002cc87c314b0 Thread added: 0x000002cc87cd4400
Event: 0.111 Thread 0x000002cc87c314b0 Thread added: 0x000002cc87cd4fd0
Event: 0.111 Thread 0x000002cc87c314b0 Thread added: 0x000002cc87cda030
Event: 0.111 Thread 0x000002cc87c314b0 Thread added: 0x000002cc87cdaa90
Event: 0.111 Thread 0x000002cc87c314b0 Thread added: 0x000002cc87cdb4f0
Event: 0.111 Thread 0x000002cc87c314b0 Thread added: 0x000002cc87cdff60
Event: 0.112 Thread 0x000002cc87c314b0 Thread added: 0x000002cc87ce2db0
Event: 0.112 Thread 0x000002cc87c314b0 Thread added: 0x000002cc87ce8360
Event: 0.246 Thread 0x000002cc87c314b0 Thread added: 0x000002cce0bc4d40
Event: 0.465 Thread 0x000002cc87ce8360 Thread added: 0x000002cce0c65230
Event: 0.722 Thread 0x000002cc87c314b0 Thread added: 0x000002cce6042280


Dynamic libraries:
0x00007ff76def0000 - 0x00007ff76defe000 	c:\Users\yashi\.antigravity-ide\extensions\redhat.java-1.54.0-win32-x64\jre\21.0.10-win32-x86_64\bin\java.exe
0x00007ffcc8fe0000 - 0x00007ffcc9247000 	C:\WINDOWS\SYSTEM32\ntdll.dll
0x00007ffcc77a0000 - 0x00007ffcc7869000 	C:\WINDOWS\System32\KERNEL32.DLL
0x00007ffcc5ad0000 - 0x00007ffcc5ec7000 	C:\WINDOWS\System32\KERNELBASE.dll
0x00007ffcc6220000 - 0x00007ffcc636b000 	C:\WINDOWS\System32\ucrtbase.dll
0x00007ffcb8590000 - 0x00007ffcb85a8000 	c:\Users\yashi\.antigravity-ide\extensions\redhat.java-1.54.0-win32-x64\jre\21.0.10-win32-x86_64\bin\jli.dll
0x00007ffcc7470000 - 0x00007ffcc7636000 	C:\WINDOWS\System32\USER32.dll
0x00007ffcc61f0000 - 0x00007ffcc6217000 	C:\WINDOWS\System32\win32u.dll
0x00007ffcc7b80000 - 0x00007ffcc7bab000 	C:\WINDOWS\System32\GDI32.dll
0x00007ffcc5ed0000 - 0x00007ffcc5ffc000 	C:\WINDOWS\System32\gdi32full.dll
0x00007ffcb8110000 - 0x00007ffcb812e000 	c:\Users\yashi\.antigravity-ide\extensions\redhat.java-1.54.0-win32-x64\jre\21.0.10-win32-x86_64\bin\VCRUNTIME140.dll
0x00007ffcc6000000 - 0x00007ffcc60a3000 	C:\WINDOWS\System32\msvcp_win.dll
0x00007ffcb43d0000 - 0x00007ffcb4662000 	C:\WINDOWS\WinSxS\amd64_microsoft.windows.common-controls_6595b64144ccf1df_6.0.26100.8457_none_3e0b2faee331e92d\COMCTL32.dll
0x00007ffcc7e00000 - 0x00007ffcc7ea9000 	C:\WINDOWS\System32\msvcrt.dll
0x00007ffcc86f0000 - 0x00007ffcc8722000 	C:\WINDOWS\System32\IMM32.DLL
0x00007ffcb8390000 - 0x00007ffcb839c000 	c:\Users\yashi\.antigravity-ide\extensions\redhat.java-1.54.0-win32-x64\jre\21.0.10-win32-x86_64\bin\vcruntime140_1.dll
0x00007ffc9c860000 - 0x00007ffc9c8ed000 	c:\Users\yashi\.antigravity-ide\extensions\redhat.java-1.54.0-win32-x64\jre\21.0.10-win32-x86_64\bin\msvcp140.dll
0x00007ffbe6d50000 - 0x00007ffbe7af1000 	c:\Users\yashi\.antigravity-ide\extensions\redhat.java-1.54.0-win32-x64\jre\21.0.10-win32-x86_64\bin\server\jvm.dll
0x00007ffcc8630000 - 0x00007ffcc86e6000 	C:\WINDOWS\System32\ADVAPI32.dll
0x00007ffcc8730000 - 0x00007ffcc87d7000 	C:\WINDOWS\System32\sechost.dll
0x00007ffcc8940000 - 0x00007ffcc8a58000 	C:\WINDOWS\System32\RPCRT4.dll
0x00007ffcc7c90000 - 0x00007ffcc7d10000 	C:\WINDOWS\System32\WS2_32.dll
0x00007ffcb7d80000 - 0x00007ffcb7db6000 	C:\WINDOWS\SYSTEM32\WINMM.dll
0x00007ffcc4610000 - 0x00007ffcc466e000 	C:\WINDOWS\SYSTEM32\POWRPROF.dll
0x00007ffcbc050000 - 0x00007ffcbc05b000 	C:\WINDOWS\SYSTEM32\VERSION.dll
0x00007ffcc45f0000 - 0x00007ffcc4604000 	C:\WINDOWS\SYSTEM32\UMPDC.dll
0x00007ffcc48c0000 - 0x00007ffcc48db000 	C:\WINDOWS\SYSTEM32\kernel.appcore.dll
0x00007ffcb7e60000 - 0x00007ffcb7e6a000 	c:\Users\yashi\.antigravity-ide\extensions\redhat.java-1.54.0-win32-x64\jre\21.0.10-win32-x86_64\bin\jimage.dll
0x00007ffcc3940000 - 0x00007ffcc3b82000 	C:\WINDOWS\SYSTEM32\DBGHELP.DLL
0x00007ffcc8a70000 - 0x00007ffcc8df3000 	C:\WINDOWS\System32\combase.dll
0x00007ffcc7bb0000 - 0x00007ffcc7c89000 	C:\WINDOWS\System32\OLEAUT32.dll
0x00007ffcb1280000 - 0x00007ffcb12bb000 	C:\WINDOWS\SYSTEM32\dbgcore.DLL
0x00007ffcc6140000 - 0x00007ffcc61e8000 	C:\WINDOWS\System32\bcryptPrimitives.dll
0x00007ffcb7e50000 - 0x00007ffcb7e5f000 	c:\Users\yashi\.antigravity-ide\extensions\redhat.java-1.54.0-win32-x64\jre\21.0.10-win32-x86_64\bin\instrument.dll
0x00007ffcb7e30000 - 0x00007ffcb7e50000 	c:\Users\yashi\.antigravity-ide\extensions\redhat.java-1.54.0-win32-x64\jre\21.0.10-win32-x86_64\bin\java.dll
0x00007ffcc7eb0000 - 0x00007ffcc861e000 	C:\WINDOWS\System32\SHELL32.dll
0x00007ffcc64f0000 - 0x00007ffcc6d5c000 	C:\WINDOWS\System32\windows.storage.dll
0x00007ffcc6ee0000 - 0x00007ffcc6fd6000 	C:\WINDOWS\System32\SHCORE.dll
0x00007ffcc76c0000 - 0x00007ffcc7726000 	C:\WINDOWS\System32\shlwapi.dll
0x00007ffcc5930000 - 0x00007ffcc5959000 	C:\WINDOWS\SYSTEM32\profapi.dll
0x00007ffcb7e10000 - 0x00007ffcb7e28000 	c:\Users\yashi\.antigravity-ide\extensions\redhat.java-1.54.0-win32-x64\jre\21.0.10-win32-x86_64\bin\zip.dll
0x00007ffcb7e00000 - 0x00007ffcb7e10000 	C:\Users\yashi\.antigravity-ide\extensions\redhat.java-1.54.0-win32-x64\jre\21.0.10-win32-x86_64\bin\net.dll
0x00007ffcbc480000 - 0x00007ffcbc5a9000 	C:\WINDOWS\SYSTEM32\WINHTTP.dll
0x00007ffcc4e30000 - 0x00007ffcc4e9c000 	C:\WINDOWS\system32\mswsock.dll
0x00007ffcb7b80000 - 0x00007ffcb7b96000 	C:\Users\yashi\.antigravity-ide\extensions\redhat.java-1.54.0-win32-x64\jre\21.0.10-win32-x86_64\bin\nio.dll
0x00007ffcb7dc0000 - 0x00007ffcb7dd0000 	c:\Users\yashi\.antigravity-ide\extensions\redhat.java-1.54.0-win32-x64\jre\21.0.10-win32-x86_64\bin\verify.dll

JVMTI agents:
c:\Users\yashi\.antigravity-ide\extensions\redhat.java-1.54.0-win32-x64\lombok\lombok-1.18.39-4050.jar path:c:\Users\yashi\.antigravity-ide\extensions\redhat.java-1.54.0-win32-x64\jre\21.0.10-win32-x86_64\bin\instrument.dll, loaded, initialized, instrumentlib options:none

dbghelp: loaded successfully - version: 4.0.5 - missing functions: none
symbol engine: initialized successfully - sym options: 0x614 - pdb path: .;c:\Users\yashi\.antigravity-ide\extensions\redhat.java-1.54.0-win32-x64\jre\21.0.10-win32-x86_64\bin;C:\WINDOWS\SYSTEM32;C:\WINDOWS\WinSxS\amd64_microsoft.windows.common-controls_6595b64144ccf1df_6.0.26100.8457_none_3e0b2faee331e92d;c:\Users\yashi\.antigravity-ide\extensions\redhat.java-1.54.0-win32-x64\jre\21.0.10-win32-x86_64\bin\server

VM Arguments:
jvm_args: --add-modules=ALL-SYSTEM --add-opens=java.base/java.util=ALL-UNNAMED --add-opens=java.base/java.lang=ALL-UNNAMED --add-opens=java.base/sun.nio.fs=ALL-UNNAMED -Declipse.application=org.eclipse.jdt.ls.core.id1 -Dosgi.bundles.defaultStartLevel=4 -Declipse.product=org.eclipse.jdt.ls.core.product -Djava.import.generatesMetadataFilesAtProjectRoot=false -DDetectVMInstallationsJob.disabled=true -Dfile.encoding=utf8 -XX:+UseParallelGC -XX:GCTimeRatio=4 -XX:AdaptiveSizePolicyWeight=90 -Dsun.zip.disableMemoryMapping=true -Xmx2G -Xms100m -Xlog:disable -javaagent:c:\Users\yashi\.antigravity-ide\extensions\redhat.java-1.54.0-win32-x64\lombok\lombok-1.18.39-4050.jar 
java_command: c:\Users\yashi\.antigravity-ide\extensions\redhat.java-1.54.0-win32-x64\server\plugins\org.eclipse.equinox.launcher_1.7.100.v20251111-0406.jar -configuration c:\Users\yashi\AppData\Roaming\Antigravity IDE\User\globalStorage\redhat.java\1.54.0\config_ss_win -data c:\Users\yashi\AppData\Roaming\Antigravity IDE\User\workspaceStorage\dc8ad06048d4900cf110bc206e0b18c5\redhat.java\ss_ws --pipe=\\.\pipe\lsp-de6a3fa0b2e6c74a49b977fbbc9eaf13-sock
java_class_path (initial): c:\Users\yashi\.antigravity-ide\extensions\redhat.java-1.54.0-win32-x64\server\plugins\org.eclipse.equinox.launcher_1.7.100.v20251111-0406.jar
Launcher Type: SUN_STANDARD

[Global flags]
    uintx AdaptiveSizePolicyWeight                 = 90                                        {product} {command line}
     intx CICompilerCount                          = 4                                         {product} {ergonomic}
    uintx GCTimeRatio                              = 4                                         {product} {command line}
   size_t InitialHeapSize                          = 104857600                                 {product} {command line}
   size_t MaxHeapSize                              = 2147483648                                {product} {command line}
   size_t MaxNewSize                               = 715653120                                 {product} {ergonomic}
   size_t MinHeapDeltaBytes                        = 524288                                    {product} {ergonomic}
   size_t MinHeapSize                              = 104857600                                 {product} {command line}
   size_t NewSize                                  = 34603008                                  {product} {ergonomic}
    uintx NonNMethodCodeHeapSize                   = 5839372                                {pd product} {ergonomic}
    uintx NonProfiledCodeHeapSize                  = 122909434                              {pd product} {ergonomic}
   size_t OldSize                                  = 70254592                                  {product} {ergonomic}
    uintx ProfiledCodeHeapSize                     = 122909434                              {pd product} {ergonomic}
    uintx ReservedCodeCacheSize                    = 251658240                              {pd product} {ergonomic}
     bool SegmentedCodeCache                       = true                                      {product} {ergonomic}
   size_t SoftMaxHeapSize                          = 2147483648                             {manageable} {ergonomic}
     bool UseCompressedOops                        = true                           {product lp64_product} {ergonomic}
     bool UseLargePagesIndividualAllocation        = false                                  {pd product} {ergonomic}
     bool UseParallelGC                            = true                                      {product} {command line}

Logging:
Log output configuration:
 #0: stdout all=off uptime,level,tags foldmultilines=false
 #1: stderr all=off uptime,level,tags foldmultilines=false

Release file:
JAVA_VERSION="21.0.10" 
MODULES="java.base java.compiler java.datatransfer java.xml java.prefs java.desktop java.instrument java.logging java.management java.security.sasl java.naming java.rmi java.management.rmi java.net.http java.scripting java.security.jgss java.transaction.xa java.sql java.sql.rowset java.xml.crypto java.se java.smartcardio jdk.accessibility jdk.internal.jvmstat jdk.attach jdk.charsets jdk.internal.opt jdk.zipfs jdk.compiler jdk.crypto.ec jdk.crypto.cryptoki jdk.crypto.mscapi jdk.dynalink jdk.internal.ed jdk.editpad jdk.hotspot.agent jdk.httpserver jdk.internal.le jdk.internal.vm.ci jdk.internal.vm.compiler jdk.internal.vm.compiler.management jdk.jartool jdk.javadoc jdk.jcmd jdk.management jdk.management.agent jdk.jconsole jdk.jdeps jdk.jdwp.agent jdk.jdi jdk.jfr jdk.jshell jdk.jsobject jdk.jstatd jdk.localedata jdk.management.jfr jdk.naming.dns jdk.naming.rmi jdk.net jdk.nio.mapmode jdk.random jdk.sctp jdk.security.auth jdk.security.jgss jdk.unsupported jdk.unsupported.desktop jdk.xml.dom" 

Environment Variables:
JAVA_HOME=C:\Program Files\Java\jdk-21.0.10
CLASSPATH=C:\Users\yashi\Downloads\apache-tomcat-9.0.118\apache-tomcat-9.0.118\lib\servlet-api.jar
PATH=C:\Program Files\Common Files\Oracle\Java\javapath;C:\Python314\Scripts\;C:\Python314\;C:\Program Files (x86)\Common Files\Oracle\Java\javapath;C:\Windows\system32;C:\Windows;C:\Windows\System32\Wbem;C:\Windows\System32\WindowsPowerShell\v1.0\;C:\Windows\System32\OpenSSH\;C:\Program Files (x86)\NVIDIA Corporation\PhysX\Common;C:\WINDOWS\system32;C:\WINDOWS;C:\WINDOWS\System32\Wbem;C:\WINDOWS\System32\WindowsPowerShell\v1.0\;C:\WINDOWS\System32\OpenSSH\;C:\MinGW\bin;C:\ProgramData\chocolatey\bin;C:\Program Files\Git\cmd;C:\Users\yashi\Downloads\sqlite-tools-win-x64-3470000;C:\Program Files (x86)\Microsoft SQL Server\160\Tools\Binn\;C:\Program Files\Microsoft SQL Server\160\Tools\Binn\;C:\Program Files\Microsoft SQL Server\Client SDK\ODBC\170\Tools\Binn\;C:\Program Files\Microsoft SQL Server\160\DTS\Binn\;c:\Users\yashi\AppData\Local\Programs\cursor\resources\app\bin;C:\Program Files\Docker\Docker\resources\bin;C:\Users\yashi\Downloads\apache-maven-3.9.11-bin\apache-maven-3.9.11\bin;C:\Program Files\Java\jdk1.8.0_202\bin;D:\BDA\hadoop-2.9.2\hadoop-2.9.2\bin;D:\BDA\hadoop-2.9.2\hadoop-2.9.2\sbin;D:\BDA\hadoop-2.9.2\hadoop-2.9.2\bin;D:\BDA\hadoop-2.9.2\hadoop-2.9.2\sbin;C:\Program Files\sf\bin;C:\Program Files\nodejs\;C:\Program Files\Java\jdk-21.0.10\bin;C:\Program Files\MySQL\MySQL Shell 8.0\bin\;C:\Users\yashi\AppData\Local\Programs\Python\Python312\Scripts\;C:\Users\yashi\AppData\Local\Programs\Python\Python312\;C:\Users\yashi\AppData\Local\Microsoft\WindowsApps;C:\Users\yashi\Downloads\Microsoft VS Code\bin;C:\ProgramData\yashi\GitHubDesktop\bin;C:\Program Files\JetBrains\IntelliJ IDEA 2025.2.3\bin;C:\Users\yashi\AppData\Local\Programs\cursor\resources\app\bin;C:\Program Files\Java\jdk1.8.0_202\bin;C:\Users\yashi\AppData\Local\Programs\Antigravity\bin;C:\Program Files\sf\bin;C:\Users\yashi\AppData\Roaming\npm;C:\Users\yashi\AppData\Local\Programs\Antigravity IDE\bin
USERNAME=yashi
OS=Windows_NT
PROCESSOR_IDENTIFIER=Intel64 Family 6 Model 141 Stepping 1, GenuineIntel
TMP=C:\Users\yashi\AppData\Local\Temp
TEMP=C:\Users\yashi\AppData\Local\Temp




Periodic native trim disabled

---------------  S Y S T E M  ---------------

OS:
 Windows 11 , 64 bit Build 26100 (10.0.26100.8328)
OS uptime: 0 days 1:53 hours
Hyper-V role detected

CPU: total 12 (initial active 12) (6 cores per cpu, 2 threads per core) family 6 model 141 stepping 1 microcode 0x34, cx8, cmov, fxsr, ht, mmx, 3dnowpref, sse, sse2, sse3, ssse3, sse4.1, sse4.2, popcnt, lzcnt, tsc, tscinvbit, avx, avx2, aes, erms, clmul, bmi1, bmi2, adx, avx512f, avx512dq, avx512cd, avx512bw, avx512vl, sha, fma, vzeroupper, avx512_vpopcntdq, avx512_vpclmulqdq, avx512_vaes, avx512_vnni, clflush, clflushopt, clwb, avx512_vbmi2, avx512_vbmi, hv, rdtscp, rdpid, fsrm, gfni, avx512_bitalg, f16c, cet_ibt, cet_ss, avx512_ifma
Processor Information for processor 0
  Max Mhz: 2688, Current Mhz: 2688, Mhz Limit: 2688
Processor Information for processor 1
  Max Mhz: 2688, Current Mhz: 995, Mhz Limit: 2688
Processor Information for processor 2
  Max Mhz: 2688, Current Mhz: 995, Mhz Limit: 2688
Processor Information for processor 3
  Max Mhz: 2688, Current Mhz: 2688, Mhz Limit: 2688
Processor Information for processor 4
  Max Mhz: 2688, Current Mhz: 995, Mhz Limit: 2688
Processor Information for processor 5
  Max Mhz: 2688, Current Mhz: 2688, Mhz Limit: 2688
Processor Information for processor 6
  Max Mhz: 2688, Current Mhz: 995, Mhz Limit: 2688
Processor Information for processor 7
  Max Mhz: 2688, Current Mhz: 995, Mhz Limit: 2688
Processor Information for processor 8
  Max Mhz: 2688, Current Mhz: 2688, Mhz Limit: 2688
Processor Information for processor 9
  Max Mhz: 2688, Current Mhz: 2688, Mhz Limit: 2688
Processor Information for processor 10
  Max Mhz: 2688, Current Mhz: 2688, Mhz Limit: 2688
Processor Information for processor 11
  Max Mhz: 2688, Current Mhz: 2688, Mhz Limit: 2688

Memory: 4k page, system-wide physical 16105M (602M free)
TotalPageFile size 27075M (AvailPageFile size 0M)
current process WorkingSet (physical memory assigned to process): 56M, peak: 56M
current process commit charge ("private bytes"): 233M, peak: 233M

vm_info: OpenJDK 64-Bit Server VM (21.0.10+7-LTS) for windows-amd64 JRE (21.0.10+7-LTS), built on 2026-01-20T00:00:00Z by "admin" with MS VC++ 17.12 (VS2022)

END.
